2021-12-05 10:39:50 INFO  QueryConstant:25 - query property ====>  call brand_findById(?)
2021-12-05 10:39:50 INFO  QueryConstant:25 - query property ====>  call brand_findByBrandName(?)
2021-12-05 10:39:50 ERROR BrandServiceImpl:48 - 
2021-12-05 10:42:06 INFO  QueryConstant:25 - query property ====>  call brand_findById(?)
2021-12-05 10:42:06 INFO  QueryConstant:25 - query property ====>  call brand_findByBrandName(?)
2021-12-05 10:43:09 INFO  QueryConstant:25 - query property ====>  call brand_findById(?)
2021-12-05 10:43:40 INFO  QueryConstant:25 - query property ====>  call brand_findByBrandName(?)
2021-12-05 10:46:09 INFO  QueryConstant:25 - query property ====>  call brand_findById(?)
2021-12-05 10:46:09 INFO  QueryConstant:25 - query property ====>  call brand_findByBrandName(?)
2021-12-05 10:46:09 INFO  QueryConstant:25 - query property ====>  call brand_update(?, ?, ?)
2021-12-05 10:46:27 INFO  QueryConstant:25 - query property ====>  call brand_findById(?)
2021-12-05 10:46:27 INFO  QueryConstant:25 - query property ====>  call brand_findByBrandName(?)
2021-12-05 10:46:27 INFO  QueryConstant:25 - query property ====>  call brand_update(?, ?, ?)
2021-12-05 10:47:49 INFO  QueryConstant:25 - query property ====>  call brand_findById(?)
2021-12-05 10:47:49 INFO  QueryConstant:25 - query property ====>  call brand_findByBrandName(?)
2021-12-05 10:47:49 INFO  QueryConstant:25 - query property ====>  call brand_update(?, ?, ?)
2021-12-05 10:52:08 INFO  QueryConstant:25 - query property ====>  call brand_findById(?)
2021-12-05 10:52:08 INFO  QueryConstant:25 - query property ====>  call brand_findByBrandName(?)
2021-12-05 10:52:13 INFO  QueryConstant:25 - query property ====>  call brand_update(?, ?, ?)
2021-12-05 10:52:18 INFO  BaseDAOImpl:139 - ===> updating ...
2021-12-05 10:54:49 INFO  QueryConstant:25 - query property ====>  call brand_findById(?)
2021-12-05 10:55:03 INFO  QueryConstant:25 - query property ====>  call brand_findByBrandName(?)
2021-12-05 10:55:03 INFO  QueryConstant:25 - query property ====>  call brand_create(?, ?)
2021-12-05 10:55:03 INFO  BaseDAOImpl:206 - insert =>>> [Brand Names, gg]
2021-12-05 10:55:03 INFO  QueryConstant:25 - query property ====>  call brand_findById(?)
2021-12-05 10:55:07 INFO  QueryConstant:25 - query property ====>  call brand_findById(?)
2021-12-05 10:55:07 INFO  QueryConstant:25 - query property ====>  call brand_findByBrandName(?)
2021-12-05 10:55:07 INFO  QueryConstant:25 - query property ====>  call brand_update(?, ?, ?)
2021-12-05 10:55:07 INFO  BaseDAOImpl:139 - ===> updating ...
2021-12-05 10:57:28 INFO  QueryConstant:25 - query property ====>  call brand_findAll()
2021-12-05 10:58:10 INFO  QueryConstant:25 - query property ====>  call brand_findAll()
2021-12-05 10:58:11 INFO  QueryConstant:25 - query property ====>  call brand_findAll()
2021-12-05 10:58:14 INFO  QueryConstant:25 - query property ====>  call brand_findByBrandName(?)
2021-12-05 10:58:14 INFO  QueryConstant:25 - query property ====>  call brand_create(?, ?)
2021-12-05 10:58:14 INFO  BaseDAOImpl:206 - insert =>>> [null, null]
2021-12-05 10:58:17 INFO  QueryConstant:25 - query property ====>  call brand_findById(?)
2021-12-05 10:58:17 INFO  QueryConstant:25 - query property ====>  call brand_findByBrandName(?)
2021-12-05 10:58:17 INFO  QueryConstant:25 - query property ====>  call brand_update(?, ?, ?)
2021-12-05 10:58:17 INFO  BaseDAOImpl:139 - ===> updating ... [Brands Namess, ggg, 1]
2021-12-05 11:00:58 INFO  QueryConstant:25 - query property ====>  call brand_findById(?)
2021-12-05 11:00:58 INFO  QueryConstant:25 - query property ====>  call brand_findByBrandName(?)
2021-12-05 11:00:58 INFO  QueryConstant:25 - query property ====>  call brand_update(?, ?, ?)
2021-12-05 11:00:58 INFO  BaseDAOImpl:140 - ===> updating ... [Brands Namess, ggg, 1]
2021-12-05 11:01:03 INFO  QueryConstant:25 - query property ====>  call brand_findAll()
2021-12-05 11:02:13 INFO  QueryConstant:25 - query property ====>  call brand_findAll()
2021-12-05 11:02:15 INFO  QueryConstant:25 - query property ====>  call brand_findAll()
2021-12-05 11:02:43 INFO  QueryConstant:25 - query property ====>  call product_findAll()
2021-12-05 11:02:47 INFO  QueryConstant:25 - query property ====>  call brand_findAll()
2021-12-05 11:02:51 INFO  QueryConstant:25 - query property ====>  call brand_findByBrandName(?)
2021-12-05 11:02:58 INFO  QueryConstant:25 - query property ====>  call brand_create(?, ?)
2021-12-05 11:02:58 INFO  BaseDAOImpl:210 - insert =>>> [null, null]
2021-12-05 11:02:59 ERROR BaseDAOImpl:238 - Column 'brand_name' cannot be null
2021-12-05 11:03:12 INFO  QueryConstant:25 - query property ====>  call brand_findById(?)
2021-12-05 11:03:12 INFO  QueryConstant:25 - query property ====>  call brand_findByBrandName(?)
2021-12-05 11:03:20 INFO  QueryConstant:25 - query property ====>  call brand_update(?, ?, ?)
2021-12-05 11:03:21 INFO  BaseDAOImpl:140 - ===> updating ... [Brands Namess, ggg, 1]
2021-12-05 11:04:07 INFO  QueryConstant:25 - query property ====>  call brand_findById(?)
2021-12-05 11:04:07 INFO  QueryConstant:25 - query property ====>  call brand_findByBrandName(?)
2021-12-05 11:04:14 INFO  QueryConstant:25 - query property ====>  call brand_update(?, ?, ?)
2021-12-05 11:04:14 INFO  BaseDAOImpl:140 - ===> updating ... [Brandssssssssssssssssssss Namess, ggg, 1]
2021-12-05 11:07:10 INFO  QueryConstant:25 - query property ====>  call brand_findById(?)
2021-12-05 11:07:10 INFO  QueryConstant:25 - query property ====>  call brand_findByBrandName(?)
2021-12-05 11:35:25 INFO  QueryConstant:25 - query property ====>  call brand_findById(?)
2021-12-05 11:35:45 INFO  QueryConstant:25 - query property ====>  call brand_findByBrandName(?)
2021-12-05 11:35:45 INFO  QueryConstant:25 - query property ====>  call brand_create(?, ?)
2021-12-05 11:35:45 INFO  BaseDAOImpl:210 - insert =>>> [Brand Names, gg]
2021-12-05 11:35:45 INFO  QueryConstant:25 - query property ====>  call brand_findById(?)
2021-12-05 11:43:39 INFO  QueryConstant:25 - query property ====>  call brand_findByBrandName(?)
2021-12-05 11:43:39 INFO  QueryConstant:25 - query property ====>  call brand_create(?, ?)
2021-12-05 11:43:39 INFO  BaseDAOImpl:210 - insert =>>> [Brand Names, gg]
2021-12-05 11:43:39 INFO  QueryConstant:25 - query property ====>  call brand_findById(?)
2021-12-05 11:43:43 INFO  QueryConstant:25 - query property ====>  call brand_findById(?)
2021-12-05 11:43:43 INFO  QueryConstant:25 - query property ====>  call brand_findByBrandName(?)
2021-12-05 13:31:54 INFO  QueryConstant:25 - query property ====>  call brand_findById(?)
2021-12-05 13:31:54 INFO  QueryConstant:25 - query property ====>  call brand_findByBrandName(?)
2021-12-05 13:31:54 INFO  QueryConstant:25 - query property ====>  call brand_update(?, ?, ?, ?)
2021-12-05 13:31:54 INFO  BaseDAOImpl:140 - ===> updating ... [1, Brandssssssssssssssssssss Namess, ggg, 1]
2021-12-05 13:32:10 INFO  QueryConstant:25 - query property ====>  call brand_findById(?)
2021-12-05 13:55:19 INFO  QueryConstant:25 - query property ====>  call brand_findByBrandName(?)
2021-12-05 13:55:19 INFO  QueryConstant:25 - query property ====>  call brand_create(?, ?)
2021-12-05 13:55:19 INFO  BaseDAOImpl:210 - insert =>>> [Brand Names, gg]
2021-12-05 13:55:19 INFO  QueryConstant:25 - query property ====>  call brand_findById(?)
2021-12-05 13:56:24 INFO  QueryConstant:25 - query property ====>  call brand_findAll()
2021-12-05 13:57:20 INFO  QueryConstant:25 - query property ====>  call user_findByEmail(?)
2021-12-05 13:57:20 INFO  QueryConstant:25 - query property ====>  call role_findByRoleName(?)
2021-12-05 13:57:20 INFO  QueryConstant:25 - query property ====>  call user_create(?, ?, ?, ?, ?, ?)
2021-12-05 13:57:20 INFO  BaseDAOImpl:210 - insert =>>> [Hoang, Bui Van, dasq1s, hoangbui, $2a$12$HQj48ttsZ3K.YpWJO5Opyu20N3ygoy4n3i2l5rFQrQSZqzIMHg.vu, buihoang9b8@gmail.com]
2021-12-05 13:57:20 INFO  QueryConstant:25 - query property ====>  call user_findById(?)
2021-12-05 13:57:20 INFO  QueryConstant:25 - query property ====>  call userRole_create(?, ?)
2021-12-05 13:57:20 INFO  BaseDAOImpl:210 - insert =>>> [1, 3]
2021-12-05 13:57:20 INFO  QueryConstant:25 - query property ====>  call user_findById(?)
2021-12-05 13:57:25 INFO  JwtUserDetailsService:20 - email ====== buihoang9b8@gmail.com
2021-12-05 13:57:25 INFO  QueryConstant:25 - query property ====>  call user_findByEmail(?)
2021-12-05 13:57:25 INFO  JwtUserDetailsService:20 - email ====== buihoang9b8@gmail.com
2021-12-05 13:57:25 INFO  QueryConstant:25 - query property ====>  call user_findByEmail(?)
2021-12-05 13:57:41 INFO  JwtUserDetailsService:20 - email ====== buihoang9b8@gmail.com
2021-12-05 13:57:41 INFO  QueryConstant:25 - query property ====>  call user_findByEmail(?)
2021-12-05 13:57:41 INFO  QueryConstant:25 - query property ====>  call brand_findAll()
2021-12-05 13:59:33 INFO  JwtUserDetailsService:20 - email ====== buihoang9b8@gmail.com
2021-12-05 13:59:33 INFO  QueryConstant:25 - query property ====>  call user_findByEmail(?)
2021-12-05 13:59:36 INFO  JwtUserDetailsService:20 - email ====== buihoang9b8@gmail.com
2021-12-05 13:59:36 INFO  QueryConstant:25 - query property ====>  call user_findByEmail(?)
2021-12-05 13:59:51 INFO  QueryConstant:25 - query property ====>  call user_findByEmail(?)
2021-12-05 13:59:51 INFO  QueryConstant:25 - query property ====>  call role_findByRoleName(?)
2021-12-05 13:59:52 INFO  QueryConstant:25 - query property ====>  call user_create(?, ?, ?, ?, ?, ?)
2021-12-05 13:59:52 INFO  BaseDAOImpl:210 - insert =>>> [Hoang, Bui Van, dasq1s, hoangbui, $2a$12$jO7dyvV7xSLvCCUkzsCUruHBCWhXeqmTMAmn3j5ejdtiv5rFpElPS, buihoang9b8@gmail.com]
2021-12-05 13:59:52 INFO  QueryConstant:25 - query property ====>  call user_findById(?)
2021-12-05 13:59:52 INFO  QueryConstant:25 - query property ====>  call userRole_create(?, ?)
2021-12-05 13:59:52 INFO  BaseDAOImpl:210 - insert =>>> [1, 3]
2021-12-05 13:59:52 INFO  QueryConstant:25 - query property ====>  call user_findById(?)
2021-12-05 13:59:55 INFO  JwtUserDetailsService:20 - email ====== buihoang9b8@gmail.com
2021-12-05 13:59:55 INFO  QueryConstant:25 - query property ====>  call user_findByEmail(?)
2021-12-05 13:59:55 INFO  JwtUserDetailsService:20 - email ====== buihoang9b8@gmail.com
2021-12-05 13:59:55 INFO  QueryConstant:25 - query property ====>  call user_findByEmail(?)
2021-12-05 14:00:04 INFO  JwtUserDetailsService:20 - email ====== buihoang9b8@gmail.com
2021-12-05 14:00:04 INFO  QueryConstant:25 - query property ====>  call user_findByEmail(?)
2021-12-05 14:00:04 INFO  QueryConstant:25 - query property ====>  call brand_findByBrandName(?)
2021-12-05 14:00:04 INFO  QueryConstant:25 - query property ====>  call brand_create(?, ?)
2021-12-05 14:00:04 INFO  BaseDAOImpl:210 - insert =>>> [Brand Names, gg]
2021-12-05 14:00:04 INFO  QueryConstant:25 - query property ====>  call brand_findById(?)
2021-12-05 14:00:08 INFO  JwtUserDetailsService:20 - email ====== buihoang9b8@gmail.com
2021-12-05 14:00:08 INFO  QueryConstant:25 - query property ====>  call user_findByEmail(?)
2021-12-05 14:00:08 INFO  QueryConstant:25 - query property ====>  call brand_findById(?)
2021-12-05 14:00:08 INFO  QueryConstant:25 - query property ====>  call brand_findByBrandName(?)
2021-12-05 14:00:08 INFO  QueryConstant:25 - query property ====>  call brand_update(?, ?, ?, ?)
2021-12-05 14:00:08 INFO  BaseDAOImpl:140 - ===> updating ... [1, Brandssssssssssssssssssss Namess, ggg, 1]
2021-12-05 14:00:13 INFO  JwtUserDetailsService:20 - email ====== buihoang9b8@gmail.com
2021-12-05 14:00:13 INFO  QueryConstant:25 - query property ====>  call user_findByEmail(?)
2021-12-05 14:00:13 INFO  QueryConstant:25 - query property ====>  call brand_findAll()
2021-12-05 14:00:15 INFO  JwtUserDetailsService:20 - email ====== buihoang9b8@gmail.com
2021-12-05 14:00:15 INFO  QueryConstant:25 - query property ====>  call user_findByEmail(?)
2021-12-05 14:00:15 INFO  QueryConstant:25 - query property ====>  call brand_findAll()
2021-12-05 14:00:26 INFO  JwtUserDetailsService:20 - email ====== buihoang9b8@gmail.com
2021-12-05 14:00:26 INFO  QueryConstant:25 - query property ====>  call user_findByEmail(?)
2021-12-05 14:00:26 INFO  QueryConstant:25 - query property ====>  call brand_findById(?)
2021-12-05 14:00:26 INFO  QueryConstant:25 - query property ====>  call brand_findByBrandName(?)
2021-12-05 14:00:26 INFO  QueryConstant:25 - query property ====>  call brand_update(?, ?, ?, ?)
2021-12-05 14:00:26 INFO  BaseDAOImpl:140 - ===> updating ... [1, Brandssssssssssssssssssss Namessssss, ggg, 1]
2021-12-05 14:00:30 INFO  JwtUserDetailsService:20 - email ====== buihoang9b8@gmail.com
2021-12-05 14:00:30 INFO  QueryConstant:25 - query property ====>  call user_findByEmail(?)
2021-12-05 14:00:30 INFO  QueryConstant:25 - query property ====>  call brand_findAll()
